2019-09-05 20:03:31,306  INFO [TestNG-tests-1] LogReports:24 - Chrome browser is started...
2019-09-05 20:04:45,776  INFO [TestNG-tests-1] LogReports:24 - Firefox browser is started...
2019-09-05 20:07:46,940  INFO [TestNG-test=cleartripAssignment-1] LogReports:24 - Firefox browser is started...
2019-09-05 20:07:48,176  INFO [TestNG-test=cleartripAssignment-2] LogReports:24 - Firefox browser is started...
2019-09-05 20:44:43,823  INFO [TestNG-test=cleartripAssignment-2] LogReports:24 - Chrome browser is started...
2019-09-05 20:44:44,251  INFO [TestNG-test=cleartripAssignment-1] LogReports:24 - Chrome browser is started...
2019-09-05 20:45:46,769  INFO [TestNG-test=cleartripAssignment-2] LogReports:24 - sending mobile number
2019-09-05 20:45:47,583  INFO [TestNG-test=cleartripAssignment-2] LogReports:24 - going for payment page
2019-09-05 20:45:47,583  INFO [TestNG-test=cleartripAssignment-2] LogReports:24 - oneway trip testcase passed
2019-09-05 22:52:52,893  INFO [TestNG-test=cleartripAssignment-2] LogReports:24 - Chrome browser is started...
2019-09-05 22:52:53,557  INFO [TestNG-test=cleartripAssignment-1] LogReports:24 - Chrome browser is started...
2019-09-05 22:54:47,487  INFO [TestNG-test=cleartripAssignment-1] LogReports:24 - twoway trip test case passed
2019-09-05 23:07:03,248  INFO [TestNG-test=cleartripAssignment-1] LogReports:24 - Chrome browser is started...
2019-09-05 23:07:05,985  INFO [TestNG-test=cleartripAssignment-2] LogReports:24 - Firefox browser is started...
2019-09-05 23:08:33,500  INFO [TestNG-test=cleartripAssignment-1] LogReports:24 - twoway trip test case passed
2019-09-06 00:17:48,167  INFO [TestNG-test=cleartripAssignment-1] LogReports:24 - Firefox browser is started...
2019-09-06 00:17:48,171  INFO [TestNG-test=cleartripAssignment-2] LogReports:24 - Firefox browser is started...
2019-09-06 00:33:24,876  INFO [TestNG-test=cleartripAssignment-2] LogReports:24 - Chrome browser is started...
2019-09-06 00:33:24,977  INFO [TestNG-test=cleartripAssignment-1] LogReports:24 - Chrome browser is started...
2019-09-06 00:33:35,743  INFO [TestNG-test=cleartripAssignment-2] LogReports:24 - sending FromPlace value:
2019-09-06 00:33:40,034  INFO [TestNG-test=cleartripAssignment-2] LogReports:24 - sending  Toplace value:
2019-09-06 00:33:40,840  INFO [TestNG-test=cleartripAssignment-2] LogReports:24 - sending date
2019-09-06 00:33:41,254  INFO [TestNG-test=cleartripAssignment-2] LogReports:24 - searching flight
2019-09-06 00:34:07,024  INFO [TestNG-test=cleartripAssignment-2] LogReports:24 - accepting terms and conditions
2019-09-06 00:34:13,311  INFO [TestNG-test=cleartripAssignment-2] LogReports:24 - selecting flight
2019-09-06 00:34:16,743  INFO [TestNG-test=cleartripAssignment-2] LogReports:24 - sending E-mail of the passenger
2019-09-06 00:34:23,024  INFO [TestNG-test=cleartripAssignment-2] LogReports:24 - sending firstname of the passenger
2019-09-06 00:34:23,292  INFO [TestNG-test=cleartripAssignment-2] LogReports:24 - sending Lastname of the passenger
2019-09-06 00:34:26,293  INFO [TestNG-test=cleartripAssignment-2] LogReports:24 - sending mobile number
2019-09-06 00:34:27,505  INFO [TestNG-test=cleartripAssignment-2] LogReports:24 - going for payment page
2019-09-06 00:34:27,506  INFO [TestNG-test=cleartripAssignment-2] LogReports:24 - oneway trip testcase passed
2019-09-06 00:34:32,903  INFO [TestNG-test=cleartripAssignment-1] LogReports:24 - twoway trip test case passed
2019-09-06 00:46:30,252  INFO [TestNG-test=cleartripAssignment-2] LogReports:24 - Chrome browser is started...
2019-09-06 00:46:30,252  INFO [TestNG-test=cleartripAssignment-1] LogReports:24 - Chrome browser is started...
2019-09-06 00:46:40,243  INFO [TestNG-test=cleartripAssignment-1] LogReports:24 - selecting roundtrip
2019-09-06 00:46:41,777  INFO [TestNG-test=cleartripAssignment-1] LogReports:24 - sending FromPlace value
2019-09-06 00:46:43,607  INFO [TestNG-test=cleartripAssignment-2] LogReports:24 - sending FromPlace value:
2019-09-06 00:46:46,063  INFO [TestNG-test=cleartripAssignment-1] LogReports:24 - sending LastName of the passenger
2019-09-06 00:46:46,741  INFO [TestNG-test=cleartripAssignment-1] LogReports:24 - sending dateof journey
2019-09-06 00:46:47,280  INFO [TestNG-test=cleartripAssignment-1] LogReports:24 - clicking on searchflight
2019-09-06 00:46:47,639  INFO [TestNG-test=cleartripAssignment-2] LogReports:24 - sending  Toplace value:
2019-09-06 00:46:48,735  INFO [TestNG-test=cleartripAssignment-2] LogReports:24 - sending date
2019-09-06 00:46:49,404  INFO [TestNG-test=cleartripAssignment-2] LogReports:24 - searching flight
2019-09-06 00:47:14,439  INFO [TestNG-test=cleartripAssignment-2] LogReports:24 - accepting terms and conditions
2019-09-06 00:47:15,530  INFO [TestNG-test=cleartripAssignment-1] LogReports:24 - selecting particular flight
2019-09-06 00:47:21,961  INFO [TestNG-test=cleartripAssignment-1] LogReports:24 - accepting terms and conditions
2019-09-06 00:47:23,140  INFO [TestNG-test=cleartripAssignment-2] LogReports:24 - selecting flight
2019-09-06 00:47:30,819  INFO [TestNG-test=cleartripAssignment-2] LogReports:24 - sending E-mail of the passenger
2019-09-06 00:47:38,006  INFO [TestNG-test=cleartripAssignment-1] LogReports:24 - sending email address of the passenger
2019-09-06 00:47:38,706  INFO [TestNG-test=cleartripAssignment-2] LogReports:24 - sending firstname of the passenger
2019-09-06 00:47:39,186  INFO [TestNG-test=cleartripAssignment-2] LogReports:24 - sending Lastname of the passenger
2019-09-06 00:47:42,187  INFO [TestNG-test=cleartripAssignment-2] LogReports:24 - sending mobile number
2019-09-06 00:47:44,512  INFO [TestNG-test=cleartripAssignment-2] LogReports:24 - going for payment page
2019-09-06 00:47:44,512  INFO [TestNG-test=cleartripAssignment-2] LogReports:24 - oneway trip testcase passed
2019-09-06 00:47:45,845  INFO [TestNG-test=cleartripAssignment-1] LogReports:24 - sending details of the passenger
2019-09-06 00:47:50,331  INFO [TestNG-test=cleartripAssignment-1] LogReports:24 - twoway trip test case passed
